c:\users\angel\documents\trabalhos\bcc\8operiodo\pp_alexandre\seminario\producao\aplicabilidades\aplicacao\manipulaçãoimagens\mestreescravo\mestreescravo\x64\debug\vc143.pdb
c:\users\angel\documents\trabalhos\bcc\8operiodo\pp_alexandre\seminario\producao\aplicabilidades\aplicacao\manipulaçãoimagens\mestreescravo\mestreescravo\x64\debug\vc143.idb
c:\users\angel\documents\trabalhos\bcc\8operiodo\pp_alexandre\seminario\producao\aplicabilidades\aplicacao\manipulaçãoimagens\mestreescravo\mestreescravo\x64\debug\utilities.obj
c:\users\angel\documents\trabalhos\bcc\8operiodo\pp_alexandre\seminario\producao\aplicabilidades\aplicacao\manipulaçãoimagens\mestreescravo\mestreescravo\x64\debug\main.obj
c:\users\angel\documents\trabalhos\bcc\8operiodo\pp_alexandre\seminario\producao\aplicabilidades\aplicacao\manipulaçãoimagens\mestreescravo\mestreescravo\x64\debug\core.obj
c:\users\angel\documents\trabalhos\bcc\8operiodo\pp_alexandre\seminario\producao\aplicabilidades\aplicacao\manipulaçãoimagens\mestreescravo\mestreescravo\x64\debug\kernel.cu.obj
c:\users\angel\documents\trabalhos\bcc\8operiodo\pp_alexandre\seminario\producao\aplicabilidades\aplicacao\manipulaçãoimagens\mestreescravo\mestreescravo\x64\debug\mestreescravo.ilk
c:\users\angel\documents\trabalhos\bcc\8operiodo\pp_alexandre\seminario\producao\aplicabilidades\aplicacao\manipulaçãoimagens\mestreescravo\x64\debug\mestreescravo.exe
c:\users\angel\documents\trabalhos\bcc\8operiodo\pp_alexandre\seminario\producao\aplicabilidades\aplicacao\manipulaçãoimagens\mestreescravo\x64\debug\mestreescravo.pdb
c:\users\angel\documents\trabalhos\bcc\8operiodo\pp_alexandre\seminario\producao\aplicabilidades\aplicacao\manipulaçãoimagens\mestreescravo\x64\debug\mestreescravo.lib
c:\users\angel\documents\trabalhos\bcc\8operiodo\pp_alexandre\seminario\producao\aplicabilidades\aplicacao\manipulaçãoimagens\mestreescravo\x64\debug\mestreescravo.exp
c:\users\angel\documents\trabalhos\bcc\8operiodo\pp_alexandre\seminario\producao\aplicabilidades\aplicacao\manipulaçãoimagens\mestreescravo\mestreescravo\x64\debug\kernel.cu.cache
c:\users\angel\documents\trabalhos\bcc\8operiodo\pp_alexandre\seminario\producao\aplicabilidades\aplicacao\manipulaçãoimagens\mestreescravo\mestreescravo\x64\debug\mestreescravo.tlog\cl.command.1.tlog
c:\users\angel\documents\trabalhos\bcc\8operiodo\pp_alexandre\seminario\producao\aplicabilidades\aplicacao\manipulaçãoimagens\mestreescravo\mestreescravo\x64\debug\mestreescravo.tlog\cl.read.1.tlog
c:\users\angel\documents\trabalhos\bcc\8operiodo\pp_alexandre\seminario\producao\aplicabilidades\aplicacao\manipulaçãoimagens\mestreescravo\mestreescravo\x64\debug\mestreescravo.tlog\cl.write.1.tlog
c:\users\angel\documents\trabalhos\bcc\8operiodo\pp_alexandre\seminario\producao\aplicabilidades\aplicacao\manipulaçãoimagens\mestreescravo\mestreescravo\x64\debug\mestreescravo.tlog\cudacompile.read.1u.tlog
c:\users\angel\documents\trabalhos\bcc\8operiodo\pp_alexandre\seminario\producao\aplicabilidades\aplicacao\manipulaçãoimagens\mestreescravo\mestreescravo\x64\debug\mestreescravo.tlog\cudacompile.write.1u.tlog
c:\users\angel\documents\trabalhos\bcc\8operiodo\pp_alexandre\seminario\producao\aplicabilidades\aplicacao\manipulaçãoimagens\mestreescravo\mestreescravo\x64\debug\mestreescravo.tlog\link.command.1.tlog
c:\users\angel\documents\trabalhos\bcc\8operiodo\pp_alexandre\seminario\producao\aplicabilidades\aplicacao\manipulaçãoimagens\mestreescravo\mestreescravo\x64\debug\mestreescravo.tlog\link.read.1.tlog
c:\users\angel\documents\trabalhos\bcc\8operiodo\pp_alexandre\seminario\producao\aplicabilidades\aplicacao\manipulaçãoimagens\mestreescravo\mestreescravo\x64\debug\mestreescravo.tlog\link.write.1.tlog
c:\users\angel\documents\trabalhos\bcc\8operiodo\pp_alexandre\seminario\producao\aplicabilidades\aplicacao\manipulaçãoimagens\mestreescravo\mestreescravo\x64\debug\mestreescravo.tlog\link.write.2u.tlog
